[INFO] logger started at Mon Jun 04 16:21:43 EDT 2012
[INFO] exectuable name: /Users/erinmckenney/Desktop/Pipeline/metaLem/data/MetaSim/MetaSim Installer.app
[INFO] Properties: 
-- listing properties --
java.runtime.name=Java(TM) SE Runtime Environment
exe4j.moduleName=/Users/erinmckenney/Desktop/Pipeline/...
sun.boot.library.path=/System/Library/Java/JavaVirtualMachi...
java.vm.version=20.6-b01-415
awt.nativeDoubleBuffering=true
gopherProxySet=false
mrj.build=11M3635
java.vm.vendor=Apple Inc.
java.vendor.url=http://www.apple.com/
path.separator=:
java.vm.name=Java HotSpot(TM) Client VM
file.encoding.pkg=sun.io
user.country=US
sun.os.patch.level=unknown
install4j.exeDir=/Users/erinmckenney/Desktop/Pipeline/...
java.vm.specification.name=Java Virtual Machine Specification
user.dir=/Users/erinmckenney/Desktop/Pipeline/...
java.runtime.version=1.6.0_31-b04-415-11M3635
java.awt.graphicsenv=apple.awt.CGraphicsEnvironment
java.endorsed.dirs=/System/Library/Java/JavaVirtualMachi...
os.arch=i386
java.io.tmpdir=/var/folders/gb/g0ttjxmj3nz7hvrv4r9w_...
apple.awt.graphics.UseOpenGL=false
line.separator=

java.vm.specification.vendor=Sun Microsystems Inc.
os.name=Mac OS X
sun.java2d.noddraw=true
sun.jnu.encoding=MacRoman
java.library.path=/Users/erinmckenney/Desktop/Pipeline/...
java.specification.name=Java Platform API Specification
java.class.version=50.0
sun.management.compiler=HotSpot Client Compiler
os.version=10.7.3
http.nonProxyHosts=local|*.local|169.254/16|*.169.254/16
user.home=/Users/erinmckenney
user.timezone=America/New_York
java.awt.printerjob=apple.awt.CPrinterJob
java.specification.version=1.6
file.encoding=MacRoman
user.name=erinmckenney
java.class.path=/Users/erinmckenney/Desktop/Pipeline/...
apple.awt.graphics.UseQuartz=false
java.vm.specification.version=1.0
sun.arch.data.model=32
java.home=/System/Library/Java/JavaVirtualMachi...
java.specification.vendor=Sun Microsystems Inc.
user.language=en
awt.toolkit=apple.awt.CToolkit
java.vm.info=mixed mode
java.version=1.6.0_31
java.ext.dirs=/Library/Java/Extensions:/System/Libr...
sun.boot.class.path=/System/Library/Java/JavaVirtualMachi...
java.vendor=Apple Inc.
install4j.appDir=/Users/erinmckenney/Desktop/Pipeline/...
file.separator=/
java.vendor.url.bug=http://bugreport.apple.com/
sun.cpu.endian=little
sun.io.unicode.encoding=UnicodeLittle
mrj.version=1070.1.6.0_31-415
socksNonProxyHosts=local|*.local|169.254/16|*.169.254/16
ftp.nonProxyHosts=local|*.local|169.254/16|*.169.254/16
sun.cpu.isalist=
sun.awt.exception.handler=apple.awt.CToolkit$EventQueueExceptio...
[INFO] com.install4j.runtime.installer.platform.macos.VolumeInfo: image: /Users/erinmckenney/Desktop/Pipeline/metaLem/data/MetaSim/MetaSim_macos_0_9_5-1.dmg, mountPoint: /Volumes/MetaSim_macos_0_
[INFO] com.install4j.runtime.beans.screens.StartupScreen: command: move 1 screens, executing actions, checking condition
[INFO] com.install4j.runtime.beans.screens.WelcomeScreen: Show screen
[INFO] com.install4j.runtime.beans.screens.WelcomeScreen: command: move 1 screens, executing actions, checking condition
[INFO] com.install4j.runtime.beans.screens.LicenseScreen: Show screen
[INFO] com.install4j.runtime.beans.screens.LicenseScreen: command: move 1 screens, executing actions, checking condition
[INFO] com.install4j.runtime.beans.screens.InstallationDirectoryScreen: Show screen
[INFO] com.install4j.runtime.beans.screens.InstallationDirectoryScreen: command: move 1 screens, executing actions, checking condition
[INFO] com.install4j.runtime.beans.screens.ComponentsScreen: Show screen
[INFO] com.install4j.runtime.beans.screens.ComponentsScreen: command: move 1 screens, executing actions, checking condition
[INFO] com.install4j.runtime.beans.screens.InstallationScreen: Show screen
[INFO] com.install4j.runtime.beans.actions.InstallFilesAction: Before execute action
[INFO] com.install4j.runtime.beans.actions.InstallFilesAction: Property directoryResolverScript: null
[INFO] com.install4j.runtime.beans.actions.InstallFilesAction: Property fileFilterScript: null
[INFO] com.install4j.runtime.beans.actions.InstallFilesAction: Property checkFreeSpace: true
[INFO] com.install4j.runtime.beans.actions.InstallFilesAction: Property delay: false
[INFO] com.install4j.runtime.beans.actions.InstallFilesAction: Property showFileNames: true
[INFO] com.install4j.runtime.beans.actions.InstallFilesAction: Property triggerReboot: true
[INFO] com.install4j.runtime.beans.actions.InstallFilesAction: Property validateApplicationId: false
[INFO] com.install4j.runtime.beans.actions.InstallFilesAction: Property rollbackSupported: true
[INFO] com.install4j.runtime.beans.actions.InstallFilesAction: Component MetaSim Program[1691242192]; Selected: true
[INFO] com.install4j.runtime.beans.actions.InstallFilesAction: Component Manual[1691242193]; Selected: false
[INFO] com.install4j.runtime.installer.InstallerContextImpl: Variable changed: sys.installationDir=/Users/erinmckenney/Desktop/Pipeline/metaLem/data/MetaSim/MetaSim[class java.lang.String]
[INFO] com.install4j.runtime.beans.actions.InstallFilesAction: Before install file: /Users/erinmckenney/Desktop/Pipeline/metaLem/data/MetaSim/MetaSim/MetaSim Uninstaller.app/Contents/Info.plist; exists: false
[INFO] fileTime: Wed Mar 18 11:39:54 EDT 2009, mode: 644, overwriteMode: Always ask except for update, shared: false, uninstallMode: If created, delayIfNecessary: false
[INFO] com.install4j.runtime.beans.actions.InstallFilesAction: After install file: /Users/erinmckenney/Desktop/Pipeline/metaLem/data/MetaSim/MetaSim/MetaSim Uninstaller.app/Contents/Info.plist
[INFO] com.install4j.runtime.beans.actions.InstallFilesAction: Before install file: /Users/erinmckenney/Desktop/Pipeline/metaLem/data/MetaSim/MetaSim/MetaSim Uninstaller.app/Contents/MacOS/JavaApplicationStub; exists: false
[INFO] fileTime: Wed Mar 18 11:39:54 EDT 2009, mode: 755, overwriteMode: If newer otherwise ask, shared: false, uninstallMode: If created, delayIfNecessary: false
[INFO] com.install4j.runtime.beans.actions.InstallFilesAction: After install file: /Users/erinmckenney/Desktop/Pipeline/metaLem/data/MetaSim/MetaSim/MetaSim Uninstaller.app/Contents/MacOS/JavaApplicationStub
[INFO] com.install4j.runtime.beans.actions.InstallFilesAction: Before install file: /Users/erinmckenney/Desktop/Pipeline/metaLem/data/MetaSim/MetaSim/MetaSim Uninstaller.app/Contents/PkgInfo; exists: false
[INFO] fileTime: Wed Mar 18 11:39:54 EDT 2009, mode: 644, overwriteMode: Always ask except for update, shared: false, uninstallMode: If created, delayIfNecessary: false
[INFO] com.install4j.runtime.beans.actions.InstallFilesAction: After install file: /Users/erinmckenney/Desktop/Pipeline/metaLem/data/MetaSim/MetaSim/MetaSim Uninstaller.app/Contents/PkgInfo
[INFO] com.install4j.runtime.beans.actions.InstallFilesAction: Before install file: /Users/erinmckenney/Desktop/Pipeline/metaLem/data/MetaSim/MetaSim/MetaSim Uninstaller.app/Contents/Resources/app.icns; exists: false
[INFO] fileTime: Wed Mar 18 11:39:54 EDT 2009, mode: 644, overwriteMode: Always ask except for update, shared: false, uninstallMode: If created, delayIfNecessary: false
[INFO] com.install4j.runtime.beans.actions.InstallFilesAction: After install file: /Users/erinmckenney/Desktop/Pipeline/metaLem/data/MetaSim/MetaSim/MetaSim Uninstaller.app/Contents/Resources/app.icns
[INFO] com.install4j.runtime.beans.actions.InstallFilesAction: Before install file: /Users/erinmckenney/Desktop/Pipeline/metaLem/data/MetaSim/MetaSim/MetaSim Uninstaller.app/Contents/Resources/i4jlauncher.config; exists: false
[INFO] fileTime: Wed Mar 18 11:39:54 EDT 2009, mode: 644, overwriteMode: Always ask except for update, shared: false, uninstallMode: If created, delayIfNecessary: false
[INFO] com.install4j.runtime.beans.actions.InstallFilesAction: After install file: /Users/erinmckenney/Desktop/Pipeline/metaLem/data/MetaSim/MetaSim/MetaSim Uninstaller.app/Contents/Resources/i4jlauncher.config
[INFO] com.install4j.runtime.beans.actions.InstallFilesAction: Before install file: /Users/erinmckenney/Desktop/Pipeline/metaLem/data/MetaSim/MetaSim/class/resources/files/ncbi.map; exists: false
[INFO] fileTime: Wed Mar 18 11:39:42 EDT 2009, mode: 644, overwriteMode: Always ask except for update, shared: false, uninstallMode: If created, delayIfNecessary: false
[INFO] com.install4j.runtime.beans.actions.InstallFilesAction: After install file: /Users/erinmckenney/Desktop/Pipeline/metaLem/data/MetaSim/MetaSim/class/resources/files/ncbi.map
[INFO] com.install4j.runtime.beans.actions.InstallFilesAction: Before install file: /Users/erinmckenney/Desktop/Pipeline/metaLem/data/MetaSim/MetaSim/class/resources/files/ncbi.siz; exists: false
[INFO] fileTime: Wed Mar 18 11:39:42 EDT 2009, mode: 644, overwriteMode: Always ask except for update, shared: false, uninstallMode: If created, delayIfNecessary: false
[INFO] com.install4j.runtime.beans.actions.InstallFilesAction: After install file: /Users/erinmckenney/Desktop/Pipeline/metaLem/data/MetaSim/MetaSim/class/resources/files/ncbi.siz
[INFO] com.install4j.runtime.beans.actions.InstallFilesAction: Before install file: /Users/erinmckenney/Desktop/Pipeline/metaLem/data/MetaSim/MetaSim/class/resources/files/ncbi.tre; exists: false
[INFO] fileTime: Wed Mar 18 11:39:42 EDT 2009, mode: 644, overwriteMode: Always ask except for update, shared: false, uninstallMode: If created, delayIfNecessary: false
[INFO] com.install4j.runtime.beans.actions.InstallFilesAction: After install file: /Users/erinmckenney/Desktop/Pipeline/metaLem/data/MetaSim/MetaSim/class/resources/files/ncbi.tre
[INFO] com.install4j.runtime.beans.actions.InstallFilesAction: Before install file: /Users/erinmckenney/Desktop/Pipeline/metaLem/data/MetaSim/MetaSim/examples/ErrorModelSolexa36bp.mconf; exists: false
[INFO] fileTime: Wed Mar 18 11:39:42 EDT 2009, mode: 644, overwriteMode: Always ask except for update, shared: false, uninstallMode: If created, delayIfNecessary: false
[INFO] com.install4j.runtime.beans.actions.InstallFilesAction: After install file: /Users/erinmckenney/Desktop/Pipeline/metaLem/data/MetaSim/MetaSim/examples/ErrorModelSolexa36bp.mconf
[INFO] com.install4j.runtime.beans.actions.InstallFilesAction: Before install file: /Users/erinmckenney/Desktop/Pipeline/metaLem/data/MetaSim/MetaSim/jars/batik-all-1.6.jar; exists: false
[INFO] fileTime: Wed Mar 18 11:39:42 EDT 2009, mode: 644, overwriteMode: Always ask except for update, shared: false, uninstallMode: If created, delayIfNecessary: false
[INFO] com.install4j.runtime.beans.actions.InstallFilesAction: After install file: /Users/erinmckenney/Desktop/Pipeline/metaLem/data/MetaSim/MetaSim/jars/batik-all-1.6.jar
[INFO] com.install4j.runtime.beans.actions.InstallFilesAction: Before install file: /Users/erinmckenney/Desktop/Pipeline/metaLem/data/MetaSim/MetaSim/jars/batik.LICENSE.txt; exists: false
[INFO] fileTime: Wed Mar 18 11:39:42 EDT 2009, mode: 644, overwriteMode: Always ask except for update, shared: false, uninstallMode: If created, delayIfNecessary: false
[INFO] com.install4j.runtime.beans.actions.InstallFilesAction: After install file: /Users/erinmckenney/Desktop/Pipeline/metaLem/data/MetaSim/MetaSim/jars/batik.LICENSE.txt
[INFO] com.install4j.runtime.beans.actions.InstallFilesAction: Before install file: /Users/erinmckenney/Desktop/Pipeline/metaLem/data/MetaSim/MetaSim/jars/batik.NOTICE.txt; exists: false
[INFO] fileTime: Wed Mar 18 11:39:42 EDT 2009, mode: 644, overwriteMode: Always ask except for update, shared: false, uninstallMode: If created, delayIfNecessary: false
[INFO] com.install4j.runtime.beans.actions.InstallFilesAction: After install file: /Users/erinmckenney/Desktop/Pipeline/metaLem/data/MetaSim/MetaSim/jars/batik.NOTICE.txt
[INFO] com.install4j.runtime.beans.actions.InstallFilesAction: Before install file: /Users/erinmckenney/Desktop/Pipeline/metaLem/data/MetaSim/MetaSim/jars/BrowserLauncher2-10rc4.jar; exists: false
[INFO] fileTime: Wed Mar 18 11:39:42 EDT 2009, mode: 644, overwriteMode: Always ask except for update, shared: false, uninstallMode: If created, delayIfNecessary: false
[INFO] com.install4j.runtime.beans.actions.InstallFilesAction: After install file: /Users/erinmckenney/Desktop/Pipeline/metaLem/data/MetaSim/MetaSim/jars/BrowserLauncher2-10rc4.jar
[INFO] com.install4j.runtime.beans.actions.InstallFilesAction: Before install file: /Users/erinmckenney/Desktop/Pipeline/metaLem/data/MetaSim/MetaSim/jars/commons-compress-20050911.jar; exists: false
[INFO] fileTime: Wed Mar 18 11:39:42 EDT 2009, mode: 644, overwriteMode: Always ask except for update, shared: false, uninstallMode: If created, delayIfNecessary: false
[INFO] com.install4j.runtime.beans.actions.InstallFilesAction: After install file: /Users/erinmckenney/Desktop/Pipeline/metaLem/data/MetaSim/MetaSim/jars/commons-compress-20050911.jar
[INFO] com.install4j.runtime.beans.actions.InstallFilesAction: Before install file: /Users/erinmckenney/Desktop/Pipeline/metaLem/data/MetaSim/MetaSim/jars/evolve.jar; exists: false
[INFO] fileTime: Wed Mar 18 11:39:42 EDT 2009, mode: 644, overwriteMode: Always ask except for update, shared: false, uninstallMode: If created, delayIfNecessary: false
[INFO] com.install4j.runtime.beans.actions.InstallFilesAction: After install file: /Users/erinmckenney/Desktop/Pipeline/metaLem/data/MetaSim/MetaSim/jars/evolve.jar
[INFO] com.install4j.runtime.beans.actions.InstallFilesAction: Before install file: /Users/erinmckenney/Desktop/Pipeline/metaLem/data/MetaSim/MetaSim/jars/hsqldb-1.8.0.7.jar; exists: false
[INFO] fileTime: Wed Mar 18 11:39:42 EDT 2009, mode: 644, overwriteMode: Always ask except for update, shared: false, uninstallMode: If created, delayIfNecessary: false
[INFO] com.install4j.runtime.beans.actions.InstallFilesAction: After install file: /Users/erinmckenney/Desktop/Pipeline/metaLem/data/MetaSim/MetaSim/jars/hsqldb-1.8.0.7.jar
[INFO] com.install4j.runtime.beans.actions.InstallFilesAction: Before install file: /Users/erinmckenney/Desktop/Pipeline/metaLem/data/MetaSim/MetaSim/jars/hsqldb.jar; exists: false
[INFO] fileTime: Wed Mar 18 11:39:42 EDT 2009, mode: 644, overwriteMode: Always ask except for update, shared: false, uninstallMode: If created, delayIfNecessary: false
[INFO] com.install4j.runtime.beans.actions.InstallFilesAction: After install file: /Users/erinmckenney/Desktop/Pipeline/metaLem/data/MetaSim/MetaSim/jars/hsqldb.jar
[INFO] com.install4j.runtime.beans.actions.InstallFilesAction: Before install file: /Users/erinmckenney/Desktop/Pipeline/metaLem/data/MetaSim/MetaSim/jars/jcommon-1.0.10.jar; exists: false
[INFO] fileTime: Wed Mar 18 11:39:42 EDT 2009, mode: 644, overwriteMode: Always ask except for update, shared: false, uninstallMode: If created, delayIfNecessary: false
[INFO] com.install4j.runtime.beans.actions.InstallFilesAction: After install file: /Users/erinmckenney/Desktop/Pipeline/metaLem/data/MetaSim/MetaSim/jars/jcommon-1.0.10.jar
[INFO] com.install4j.runtime.beans.actions.InstallFilesAction: Before install file: /Users/erinmckenney/Desktop/Pipeline/metaLem/data/MetaSim/MetaSim/jars/MetaSim.jar; exists: false
[INFO] fileTime: Wed Mar 18 11:39:42 EDT 2009, mode: 644, overwriteMode: Always ask except for update, shared: false, uninstallMode: If created, delayIfNecessary: false
[INFO] com.install4j.runtime.beans.actions.InstallFilesAction: After install file: /Users/erinmckenney/Desktop/Pipeline/metaLem/data/MetaSim/MetaSim/jars/MetaSim.jar
[INFO] com.install4j.runtime.beans.actions.InstallFilesAction: Before install file: /Users/erinmckenney/Desktop/Pipeline/metaLem/data/MetaSim/MetaSim/jars/MRJAdapter.jar; exists: false
[INFO] fileTime: Wed Mar 18 11:39:42 EDT 2009, mode: 644, overwriteMode: Always ask except for update, shared: false, uninstallMode: If created, delayIfNecessary: false
[INFO] com.install4j.runtime.beans.actions.InstallFilesAction: After install file: /Users/erinmckenney/Desktop/Pipeline/metaLem/data/MetaSim/MetaSim/jars/MRJAdapter.jar
[INFO] com.install4j.runtime.beans.actions.InstallFilesAction: Before install file: /Users/erinmckenney/Desktop/Pipeline/metaLem/data/MetaSim/MetaSim/jars/oro-2.0.8.jar; exists: false
[INFO] fileTime: Wed Mar 18 11:39:42 EDT 2009, mode: 644, overwriteMode: Always ask except for update, shared: false, uninstallMode: If created, delayIfNecessary: false
[INFO] com.install4j.runtime.beans.actions.InstallFilesAction: After install file: /Users/erinmckenney/Desktop/Pipeline/metaLem/data/MetaSim/MetaSim/jars/oro-2.0.8.jar
[INFO] com.install4j.runtime.beans.actions.InstallFilesAction: Before install file: /Users/erinmckenney/Desktop/Pipeline/metaLem/data/MetaSim/MetaSim/jars/swtgraphics2d.jar; exists: false
[INFO] fileTime: Wed Mar 18 11:39:42 EDT 2009, mode: 644, overwriteMode: Always ask except for update, shared: false, uninstallMode: If created, delayIfNecessary: false
[INFO] com.install4j.runtime.beans.actions.InstallFilesAction: After install file: /Users/erinmckenney/Desktop/Pipeline/metaLem/data/MetaSim/MetaSim/jars/swtgraphics2d.jar
[INFO] com.install4j.runtime.beans.actions.InstallFilesAction: Before install file: /Users/erinmckenney/Desktop/Pipeline/metaLem/data/MetaSim/MetaSim/License.txt; exists: false
[INFO] fileTime: Wed Mar 18 11:39:42 EDT 2009, mode: 644, overwriteMode: Always ask except for update, shared: false, uninstallMode: If created, delayIfNecessary: false
[INFO] com.install4j.runtime.beans.actions.InstallFilesAction: After install file: /Users/erinmckenney/Desktop/Pipeline/metaLem/data/MetaSim/MetaSim/License.txt
[INFO] com.install4j.runtime.beans.actions.InstallFilesAction: Before install file: /Users/erinmckenney/Desktop/Pipeline/metaLem/data/MetaSim/MetaSim/MetaSim.app/Contents/Info.plist; exists: false
[INFO] fileTime: Wed Mar 18 11:39:54 EDT 2009, mode: 644, overwriteMode: Always ask except for update, shared: false, uninstallMode: If created, delayIfNecessary: false
[INFO] com.install4j.runtime.beans.actions.InstallFilesAction: After install file: /Users/erinmckenney/Desktop/Pipeline/metaLem/data/MetaSim/MetaSim/MetaSim.app/Contents/Info.plist
[INFO] com.install4j.runtime.beans.actions.InstallFilesAction: Before install file: /Users/erinmckenney/Desktop/Pipeline/metaLem/data/MetaSim/MetaSim/MetaSim.app/Contents/MacOS/JavaApplicationStub; exists: false
[INFO] fileTime: Wed Mar 18 11:39:54 EDT 2009, mode: 755, overwriteMode: If newer otherwise ask, shared: false, uninstallMode: If created, delayIfNecessary: false
[INFO] com.install4j.runtime.beans.actions.InstallFilesAction: After install file: /Users/erinmckenney/Desktop/Pipeline/metaLem/data/MetaSim/MetaSim/MetaSim.app/Contents/MacOS/JavaApplicationStub
[INFO] com.install4j.runtime.beans.actions.InstallFilesAction: Before install file: /Users/erinmckenney/Desktop/Pipeline/metaLem/data/MetaSim/MetaSim/MetaSim.app/Contents/PkgInfo; exists: false
[INFO] fileTime: Wed Mar 18 11:39:54 EDT 2009, mode: 644, overwriteMode: Always ask except for update, shared: false, uninstallMode: If created, delayIfNecessary: false
[INFO] com.install4j.runtime.beans.actions.InstallFilesAction: After install file: /Users/erinmckenney/Desktop/Pipeline/metaLem/data/MetaSim/MetaSim/MetaSim.app/Contents/PkgInfo
[INFO] com.install4j.runtime.beans.actions.InstallFilesAction: Before install file: /Users/erinmckenney/Desktop/Pipeline/metaLem/data/MetaSim/MetaSim/MetaSim.app/Contents/Resources/app.icns; exists: false
[INFO] fileTime: Wed Mar 18 11:39:54 EDT 2009, mode: 644, overwriteMode: Always ask except for update, shared: false, uninstallMode: If created, delayIfNecessary: false
[INFO] com.install4j.runtime.beans.actions.InstallFilesAction: After install file: /Users/erinmckenney/Desktop/Pipeline/metaLem/data/MetaSim/MetaSim/MetaSim.app/Contents/Resources/app.icns
[INFO] com.install4j.runtime.beans.actions.InstallFilesAction: Before install file: /Users/erinmckenney/Desktop/Pipeline/metaLem/data/MetaSim/MetaSim/MetaSim.app/Contents/Resources/i4jlauncher.config; exists: false
[INFO] fileTime: Wed Mar 18 11:39:54 EDT 2009, mode: 644, overwriteMode: Always ask except for update, shared: false, uninstallMode: If created, delayIfNecessary: false
[INFO] com.install4j.runtime.beans.actions.InstallFilesAction: After install file: /Users/erinmckenney/Desktop/Pipeline/metaLem/data/MetaSim/MetaSim/MetaSim.app/Contents/Resources/i4jlauncher.config
[INFO] com.install4j.runtime.beans.actions.InstallFilesAction: Before install file: /Users/erinmckenney/Desktop/Pipeline/metaLem/data/MetaSim/MetaSim/.install4j/inst_jre.cfg; exists: false
[INFO] fileTime: Mon Jun 04 16:22:29 EDT 2012, mode: 644, overwriteMode: Always, shared: false, uninstallMode: If created, delayIfNecessary: false
[INFO] com.install4j.runtime.beans.actions.InstallFilesAction: After install file: /Users/erinmckenney/Desktop/Pipeline/metaLem/data/MetaSim/MetaSim/.install4j/inst_jre.cfg
[INFO] com.install4j.runtime.beans.actions.InstallFilesAction: Before install file: /Users/erinmckenney/Desktop/Pipeline/metaLem/data/MetaSim/MetaSim/.install4j/i4jruntime.jar; exists: false
[INFO] fileTime: Mon Jun 04 16:22:29 EDT 2012, mode: 644, overwriteMode: Always, shared: false, uninstallMode: Always, delayIfNecessary: false
[INFO] com.install4j.runtime.beans.actions.InstallFilesAction: After install file: /Users/erinmckenney/Desktop/Pipeline/metaLem/data/MetaSim/MetaSim/.install4j/i4jruntime.jar
[INFO] com.install4j.runtime.beans.actions.InstallFilesAction: Before install file: /Users/erinmckenney/Desktop/Pipeline/metaLem/data/MetaSim/MetaSim/.install4j/MessagesDefault; exists: false
[INFO] fileTime: Mon Jun 04 16:22:29 EDT 2012, mode: 644, overwriteMode: Always, shared: false, uninstallMode: Always, delayIfNecessary: false
[INFO] com.install4j.runtime.beans.actions.InstallFilesAction: After install file: /Users/erinmckenney/Desktop/Pipeline/metaLem/data/MetaSim/MetaSim/.install4j/MessagesDefault
[INFO] com.install4j.runtime.beans.actions.InstallFilesAction: Before install file: /Users/erinmckenney/Desktop/Pipeline/metaLem/data/MetaSim/MetaSim/.install4j/i4jparams.conf; exists: false
[INFO] fileTime: Mon Jun 04 16:22:29 EDT 2012, mode: 644, overwriteMode: Always, shared: false, uninstallMode: Always, delayIfNecessary: false
[INFO] com.install4j.runtime.beans.actions.InstallFilesAction: After install file: /Users/erinmckenney/Desktop/Pipeline/metaLem/data/MetaSim/MetaSim/.install4j/i4jparams.conf
[INFO] com.install4j.runtime.beans.actions.InstallFilesAction: Before install file: /Users/erinmckenney/Desktop/Pipeline/metaLem/data/MetaSim/MetaSim/.install4j/user.jar; exists: false
[INFO] fileTime: Mon Jun 04 16:22:29 EDT 2012, mode: 644, overwriteMode: Always, shared: false, uninstallMode: Always, delayIfNecessary: false
[INFO] com.install4j.runtime.beans.actions.InstallFilesAction: After install file: /Users/erinmckenney/Desktop/Pipeline/metaLem/data/MetaSim/MetaSim/.install4j/user.jar
[INFO] com.install4j.runtime.beans.actions.InstallFilesAction: Before install file: /Users/erinmckenney/Desktop/Pipeline/metaLem/data/MetaSim/MetaSim/.install4j/i4j_extf_0_jx3hsu.utf8; exists: false
[INFO] fileTime: Mon Jun 04 16:22:29 EDT 2012, mode: 644, overwriteMode: Always, shared: false, uninstallMode: Always, delayIfNecessary: false
[INFO] com.install4j.runtime.beans.actions.InstallFilesAction: After install file: /Users/erinmckenney/Desktop/Pipeline/metaLem/data/MetaSim/MetaSim/.install4j/i4j_extf_0_jx3hsu.utf8
[INFO] com.install4j.runtime.beans.actions.InstallFilesAction: Before install file: /Users/erinmckenney/Desktop/Pipeline/metaLem/data/MetaSim/MetaSim/.install4j/i4j_extf_1_jx3hsu.txt; exists: false
[INFO] fileTime: Mon Jun 04 16:22:29 EDT 2012, mode: 644, overwriteMode: Always, shared: false, uninstallMode: Always, delayIfNecessary: false
[INFO] com.install4j.runtime.beans.actions.InstallFilesAction: After install file: /Users/erinmckenney/Desktop/Pipeline/metaLem/data/MetaSim/MetaSim/.install4j/i4j_extf_1_jx3hsu.txt
[INFO] com.install4j.runtime.beans.actions.InstallFilesAction: After execute action
[INFO] com.install4j.runtime.beans.actions.desktop.CreateProgramGroupAction: Before execute action
[INFO] com.install4j.runtime.beans.actions.desktop.CreateProgramGroupAction: Property enabled: true
[INFO] com.install4j.runtime.beans.actions.desktop.CreateProgramGroupAction: Property categories: Application
[INFO] com.install4j.runtime.beans.actions.desktop.CreateProgramGroupAction: Property linkDirectory: /usr/local/bin
[INFO] com.install4j.runtime.beans.actions.desktop.CreateProgramGroupAction: Property programGroupEntryConfigs: []
[INFO] com.install4j.runtime.beans.actions.desktop.CreateProgramGroupAction: Property programGroupName: MetaSim
[INFO] com.install4j.runtime.beans.actions.desktop.CreateProgramGroupAction: Property addDefaultLauncherLinks: true
[INFO] com.install4j.runtime.beans.actions.desktop.CreateProgramGroupAction: Property addUninstaller: true
[INFO] com.install4j.runtime.beans.actions.desktop.CreateProgramGroupAction: Property allUsers: true
[INFO] com.install4j.runtime.beans.actions.desktop.CreateProgramGroupAction: Property rollbackSupported: true
[INFO] com.install4j.runtime.beans.actions.desktop.CreateProgramGroupAction: After execute action
[INFO] com.install4j.runtime.beans.actions.desktop.RegisterAddRemoveAction: Before execute action
[INFO] com.install4j.runtime.beans.actions.desktop.RegisterAddRemoveAction: Property icon: null
[INFO] com.install4j.runtime.beans.actions.desktop.RegisterAddRemoveAction: Property itemName: MetaSim 0.9.5
[INFO] com.install4j.runtime.beans.actions.desktop.RegisterAddRemoveAction: Property persistentProperties: {}
[INFO] com.install4j.runtime.beans.actions.desktop.RegisterAddRemoveAction: Property rollbackSupported: true
[INFO] com.install4j.runtime.beans.actions.desktop.RegisterAddRemoveAction: After execute action
[INFO] com.install4j.runtime.beans.screens.InstallationScreen: Rollback barrier reached
[INFO] com.install4j.runtime.beans.screens.InstallationScreen: command: move 1 screens, executing actions, checking condition
[INFO] com.install4j.runtime.beans.screens.FinishedScreen: Show screen
[INFO] com.install4j.runtime.beans.screens.FinishedScreen: command: finish
[INFO] com.install4j.runtime.installer.InstallerContextImpl: Finishing
