Loading settings from "/Users/erinmckenney/Library/Preferences/MetaSim.Settings"... {AppSettings}
Reading fastA file `wdir_all_reads_out.fasta' [79KiB]
Generating Reads: wdir_all_reads_out.fasta
Generating Reads: wdir_all_reads_out.fasta
Generating Reads: wdir_all_reads_out.fasta
Generating Reads: wdir_all_reads_out.fasta
Generating Reads: wdir_all_reads_out.fasta
Generating Reads: wdir_all_reads_out.fasta
Generating Reads: wdir_all_reads_out.fasta
Generating Reads: wdir_all_reads_out.fasta
Generating Reads: wdir_all_reads_out.fasta
Generating Reads: wdir_all_reads_out.fasta
Generating Reads: wdir_all_reads_out.fasta
Generating Reads: wdir_all_reads_out.fasta
Generating Reads: wdir_all_reads_out.fasta
Generating Reads: wdir_all_reads_out.fasta
Generating Reads: wdir_all_reads_out.fasta
Generating Reads: wdir_all_reads_out.fasta
Generating Reads: wdir_all_reads_out.fasta
Generating Reads: wdir_all_reads_out.fasta
Generating Reads: wdir_all_reads_out.fasta
Generating Reads: wdir_all_reads_out.fasta
java.lang.Exception: DNA clone size is too large for this sequence. Adjust Parameters!
	at metasim.util.K.A(Unknown Source)
	at metasim.util.K.run(Unknown Source)
	at metasim.B.A$9.B(Unknown Source)
	at metasim.B.A$9.call(Unknown Source)
	at metasim.B.A.A(Unknown Source)
	at metasim.B.A.A(Unknown Source)
	at metasim.main.MetaSim.main(Unknown Source)
	at sun.reflect.NativeMethodAccessorImpl.invoke0(Native Method)
	at sun.reflect.NativeMethodAccessorImpl.invoke(NativeMethodAccessorImpl.java:39)
	at sun.reflect.DelegatingMethodAccessorImpl.invoke(DelegatingMethodAccessorImpl.java:25)
	at java.lang.reflect.Method.invoke(Method.java:597)
	at com.exe4j.runtime.LauncherEngine.launch(Unknown Source)
	at com.install4j.runtime.Launcher.main(Unknown Source)
random seed was: 8666413600230303124
